<?xml version="1.0" encoding="UTF-8"?>
<!-- Generated by org.testng.reporters.JUnitReportReporter -->
<testsuite name="Test.BasicsOfRestAssured" tests="2" time="4.703" ignored="0" failures="0" timestamp="15 Feb 2020 06:30:36 GMT" skipped="0" hostname="LAPTOP-OEF79LS2" errors="0">
  <testcase name="F1" time="3.706" classname="Test.BasicsOfRestAssured"/>
  <testcase name="TestGoogle" time="0.997" classname="Test.BasicsOfRestAssured"/>
</testsuite> <!-- Test.BasicsOfRestAssured -->
